<?xml version="1.0" encoding="UTF-8"?>
<!-- Generated by org.testng.reporters.JUnitReportReporter -->
<testsuite hostname="DESKTOP-OOVS6B5" failures="0" tests="1" name="tests.Login" time="16.567" errors="0" timestamp="2022-03-13T23:23:21 BDT" skipped="0">
  <testcase classname="tests.Login" name="loginTest" time="16.567"/>
  <system-out/>
</testsuite> <!-- tests.Login -->
